2024-10-10 15:01:47 [INFO] Daily backup completed successfully.
2024-10-10 15:01:48 [ERROR] Payment gateway timeout for transaction ID 87654.
2024-10-10 15:01:53 [ERROR] Failed to load configuration file: /etc/app/config.yml.
2024-10-10 15:01:58 [FATAL] Application terminated unexpectedly: Out of memory.
2024-10-10 15:02:02 [FATAL] Critical error: Kernel panic occurred. System halted.
2024-10-10 15:02:06 [FATAL] Server crashed due to memory overflow at address 0x004FA1.
2024-10-10 15:02:11 [FATAL] Critical error: Kernel panic occurred. System halted.
2024-10-10 15:02:16 [ERROR] Failed to load configuration file: /etc/app/config.yml.
2024-10-10 15:02:17 [WARNING] Disk space usage at 85% on /dev/sda1.
2024-10-10 15:02:18 [ERROR] Payment gateway timeout for transaction ID 87654.
2024-10-10 15:02:19 [WARNING] Unusually high number of login attempts from IP 192.168.1.101.
2024-10-10 15:02:24 [FATAL] Service 'app-backend' failed to start: Missing dependency.
2024-10-10 15:02:27 [INFO] User ID 12345 successfully logged in.
2024-10-10 15:02:29 [FATAL] Disk failure detected on /dev/sdb. Immediate replacement required.
2024-10-10 15:02:33 [INFO] Daily backup completed successfully.
2024-10-10 15:02:38 [FATAL] Service 'app-backend' failed to start: Missing dependency.
2024-10-10 15:02:41 [INFO] Scheduled job 'cleanup_temp_files' executed at 2024-10-10 15:02:41.
2024-10-10 15:02:46 [ERROR] Database connection lost while processing transaction ID 98765.
2024-10-10 15:02:47 [ERROR] Payment gateway timeout for transaction ID 87654.
2024-10-10 15:02:51 [ERROR] Payment gateway timeout for transaction ID 87654.
2024-10-10 15:02:56 [FATAL] Application terminated unexpectedly: Out of memory.
2024-10-10 15:03:00 [WARNING] Unusually high number of login attempts from IP 192.168.1.101.
2024-10-10 15:03:01 [INFO] System health check passed; all services running.
2024-10-10 15:03:02 [FATAL] Server crashed due to memory overflow at address 0x004FA1.
2024-10-10 15:03:05 [WARNING] Unusually high number of login attempts from IP 192.168.1.101.
2024-10-10 15:03:10 [ERROR] Failed to load configuration file: /etc/app/config.yml.
2024-10-10 15:03:13 [INFO] System health check passed; all services running.
2024-10-10 15:03:14 [INFO] Daily backup completed successfully.
2024-10-10 15:03:17 [WARNING] Unusually high number of login attempts from IP 192.168.1.101.
2024-10-10 15:03:21 [INFO] Scheduled job 'cleanup_temp_files' executed at 2024-10-10 15:03:21.
2024-10-10 15:03:22 [INFO] User ID 98765 updated account details.
2024-10-10 15:03:24 [WARNING] API response time for user ID 54321 exceeded 2 seconds.
2024-10-10 15:03:29 [FATAL] Service 'app-backend' failed to start: Missing dependency.
2024-10-10 15:03:32 [WARNING] Database query took longer than expected (3.4 seconds).
2024-10-10 15:03:34 [ERROR] Failed to load configuration file: /etc/app/config.yml.
2024-10-10 15:03:39 [ERROR] Failed to load configuration file: /etc/app/config.yml.
2024-10-10 15:03:41 [WARNING] Unusually high number of login attempts from IP 192.168.1.101.
2024-10-10 15:03:42 [INFO] User ID 12345 successfully logged in.
2024-10-10 15:03:43 [ERROR] Payment gateway timeout for transaction ID 87654.
2024-10-10 15:03:47 [ERROR] Payment gateway timeout for transaction ID 87654.
2024-10-10 15:03:52 [WARNING] API response time for user ID 54321 exceeded 2 seconds.
2024-10-10 15:03:55 [WARNING] Disk space usage at 85% on /dev/sda1.
2024-10-10 15:03:59 [FATAL] Critical error: Kernel panic occurred. System halted.
2024-10-10 15:04:04 [ERROR] Failed to load configuration file: /etc/app/config.yml.
2024-10-10 15:04:08 [FATAL] Server crashed due to memory overflow at address 0x004FA1.
2024-10-10 15:04:13 [FATAL] Service 'app-backend' failed to start: Missing dependency.
2024-10-10 15:04:15 [FATAL] Disk failure detected on /dev/sdb. Immediate replacement required.
2024-10-10 15:04:17 [WARNING] API response time for user ID 54321 exceeded 2 seconds.
2024-10-10 15:04:21 [FATAL] Critical error: Kernel panic occurred. System halted.
2024-10-10 15:04:22 [FATAL] Service 'app-backend' failed to start: Missing dependency.
2024-10-10 15:04:26 [FATAL] Critical error: Kernel panic occurred. System halted.
2024-10-10 15:04:31 [ERROR] Failed to load configuration file: /etc/app/config.yml.
2024-10-10 15:04:32 [WARNING] Unusually high number of login attempts from IP 192.168.1.101.
2024-10-10 15:04:33 [ERROR] Unable to send email: SMTP server not responding.
2024-10-10 15:04:37 [INFO] User ID 12345 successfully logged in.
2024-10-10 15:04:42 [WARNING] Database query took longer than expected (3.4 seconds).
2024-10-10 15:04:46 [ERROR] Failed to load configuration file: /etc/app/config.yml.
2024-10-10 15:04:47 [ERROR] Unable to send email: SMTP server not responding.
2024-10-10 15:04:51 [INFO] Daily backup completed successfully.
2024-10-10 15:04:56 [WARNING] API response time for user ID 54321 exceeded 2 seconds.
2024-10-10 15:05:01 [WARNING] Unusually high number of login attempts from IP 192.168.1.101.
2024-10-10 15:05:05 [FATAL] Server crashed due to memory overflow at address 0x004FA1.
2024-10-10 15:05:10 [WARNING] Unusually high number of login attempts from IP 192.168.1.101.
2024-10-10 15:05:11 [ERROR] User ID 67890 failed to authenticate. Invalid credentials.
2024-10-10 15:05:12 [WARNING] Database query took longer than expected (3.4 seconds).
2024-10-10 15:05:15 [WARNING] API response time for user ID 54321 exceeded 2 seconds.
2024-10-10 15:05:19 [ERROR] Database connection lost while processing transaction ID 98765.
2024-10-10 15:05:21 [WARNING] Disk space usage at 85% on /dev/sda1.
2024-10-10 15:05:25 [WARNING] API response time for user ID 54321 exceeded 2 seconds.
2024-10-10 15:05:27 [WARNING] Memory usage is high: 78% of available memory used.
2024-10-10 15:05:32 [FATAL] Service 'app-backend' failed to start: Missing dependency.
2024-10-10 15:05:33 [INFO] User ID 12345 successfully logged in.
2024-10-10 15:05:35 [ERROR] Payment gateway timeout for transaction ID 87654.
2024-10-10 15:05:39 [ERROR] Database connection lost while processing transaction ID 98765.
2024-10-10 15:05:40 [INFO] User ID 98765 updated account details.
2024-10-10 15:05:41 [FATAL] Server crashed due to memory overflow at address 0x004FA1.
2024-10-10 15:05:44 [FATAL] Application terminated unexpectedly: Out of memory.
2024-10-10 15:05:48 [WARNING] Memory usage is high: 78% of available memory used.
2024-10-10 15:05:52 [INFO] User ID 12345 successfully logged in.
2024-10-10 15:05:55 [ERROR] Database connection lost while processing transaction ID 98765.
2024-10-10 15:05:59 [INFO] Scheduled job 'cleanup_temp_files' executed at 2024-10-10 15:05:59.
2024-10-10 15:06:00 [INFO] Daily backup completed successfully.
2024-10-10 15:06:03 [ERROR] Failed to load configuration file: /etc/app/config.yml.
2024-10-10 15:06:04 [INFO] Scheduled job 'cleanup_temp_files' executed at 2024-10-10 15:06:04.
2024-10-10 15:06:05 [FATAL] Disk failure detected on /dev/sdb. Immediate replacement required.
2024-10-10 15:06:07 [INFO] User ID 98765 updated account details.
2024-10-10 15:06:08 [ERROR] Unable to send email: SMTP server not responding.
2024-10-10 15:06:11 [ERROR] Failed to load configuration file: /etc/app/config.yml.
2024-10-10 15:06:13 [FATAL] Service 'app-backend' failed to start: Missing dependency.
2024-10-10 15:06:18 [ERROR] Database connection lost while processing transaction ID 98765.
2024-10-10 15:06:20 [WARNING] Database query took longer than expected (3.4 seconds).
2024-10-10 15:06:25 [INFO] Scheduled job 'cleanup_temp_files' executed at 2024-10-10 15:06:25.
2024-10-10 15:06:29 [WARNING] API response time for user ID 54321 exceeded 2 seconds.
2024-10-10 15:06:31 [WARNING] Memory usage is high: 78% of available memory used.
2024-10-10 15:06:36 [INFO] Daily backup completed successfully.
2024-10-10 15:06:39 [WARNING] Disk space usage at 85% on /dev/sda1.
2024-10-10 15:06:41 [INFO] User ID 98765 updated account details.
2024-10-10 15:06:44 [INFO] Scheduled job 'cleanup_temp_files' executed at 2024-10-10 15:06:44.
2024-10-10 15:06:47 [FATAL] Service 'app-backend' failed to start: Missing dependency.
2024-10-10 15:06:52 [FATAL] Service 'app-backend' failed to start: Missing dependency.
2024-10-10 15:06:55 [FATAL] Application terminated unexpectedly: Out of memory.
2024-10-10 15:06:57 [INFO] User ID 98765 updated account details.
2024-10-10 15:07:01 [ERROR] Payment gateway timeout for transaction ID 87654.
2024-10-10 15:07:06 [FATAL] Disk failure detected on /dev/sdb. Immediate replacement required.
2024-10-10 15:07:07 [ERROR] Failed to load configuration file: /etc/app/config.yml.
2024-10-10 15:07:11 [WARNING] Memory usage is high: 78% of available memory used.
2024-10-10 15:07:14 [INFO] System health check passed; all services running.
2024-10-10 15:07:18 [WARNING] Disk space usage at 85% on /dev/sda1.
2024-10-10 15:07:21 [ERROR] Failed to load configuration file: /etc/app/config.yml.
2024-10-10 15:07:24 [FATAL] Service 'app-backend' failed to start: Missing dependency.
2024-10-10 15:07:29 [WARNING] Unusually high number of login attempts from IP 192.168.1.101.
2024-10-10 15:07:31 [WARNING] API response time for user ID 54321 exceeded 2 seconds.
2024-10-10 15:07:32 [ERROR] Failed to load configuration file: /etc/app/config.yml.
2024-10-10 15:07:33 [WARNING] Unusually high number of login attempts from IP 192.168.1.101.
2024-10-10 15:07:37 [FATAL] Critical error: Kernel panic occurred. System halted.
2024-10-10 15:07:41 [INFO] User ID 98765 updated account details.
2024-10-10 15:07:46 [INFO] System health check passed; all services running.
2024-10-10 15:07:51 [INFO] User ID 98765 updated account details.
2024-10-10 15:07:55 [ERROR] Database connection lost while processing transaction ID 98765.
2024-10-10 15:07:59 [WARNING] API response time for user ID 54321 exceeded 2 seconds.
2024-10-10 15:08:00 [ERROR] User ID 67890 failed to authenticate. Invalid credentials.
2024-10-10 15:08:05 [WARNING] Disk space usage at 85% on /dev/sda1.
2024-10-10 15:08:10 [INFO] Scheduled job 'cleanup_temp_files' executed at 2024-10-10 15:08:10.
2024-10-10 15:08:12 [FATAL] Application terminated unexpectedly: Out of memory.
2024-10-10 15:08:17 [WARNING] Memory usage is high: 78% of available memory used.
2024-10-10 15:08:22 [WARNING] Disk space usage at 85% on /dev/sda1.
2024-10-10 15:08:25 [WARNING] Disk space usage at 85% on /dev/sda1.
2024-10-10 15:08:26 [WARNING] Memory usage is high: 78% of available memory used.
2024-10-10 15:08:31 [INFO] Daily backup completed successfully.
2024-10-10 15:08:35 [WARNING] Database query took longer than expected (3.4 seconds).
2024-10-10 15:08:36 [INFO] User ID 98765 updated account details.
2024-10-10 15:08:41 [INFO] Daily backup completed successfully.
2024-10-10 15:08:46 [INFO] Scheduled job 'cleanup_temp_files' executed at 2024-10-10 15:08:46.
2024-10-10 15:08:51 [FATAL] Server crashed due to memory overflow at address 0x004FA1.
2024-10-10 15:08:56 [FATAL] Disk failure detected on /dev/sdb. Immediate replacement required.
2024-10-10 15:09:00 [FATAL] Disk failure detected on /dev/sdb. Immediate replacement required.
2024-10-10 15:09:01 [ERROR] Payment gateway timeout for transaction ID 87654.
2024-10-10 15:09:05 [WARNING] Disk space usage at 85% on /dev/sda1.
2024-10-10 15:09:06 [WARNING] Disk space usage at 85% on /dev/sda1.
2024-10-10 15:09:09 [WARNING] Unusually high number of login attempts from IP 192.168.1.101.
2024-10-10 15:09:11 [WARNING] Memory usage is high: 78% of available memory used.
2024-10-10 15:09:13 [FATAL] Service 'app-backend' failed to start: Missing dependency.
2024-10-10 15:09:15 [WARNING] Disk space usage at 85% on /dev/sda1.
2024-10-10 15:09:20 [WARNING] Memory usage is high: 78% of available memory used.
2024-10-10 15:09:21 [ERROR] Unable to send email: SMTP server not responding.
2024-10-10 15:09:23 [INFO] Daily backup completed successfully.
2024-10-10 15:09:25 [WARNING] Unusually high number of login attempts from IP 192.168.1.101.
2024-10-10 15:09:26 [FATAL] Service 'app-backend' failed to start: Missing dependency.
2024-10-10 15:09:27 [FATAL] Disk failure detected on /dev/sdb. Immediate replacement required.
2024-10-10 15:09:30 [ERROR] Payment gateway timeout for transaction ID 87654.
2024-10-10 15:09:34 [INFO] Scheduled job 'cleanup_temp_files' executed at 2024-10-10 15:09:34.
2024-10-10 15:09:38 [FATAL] Application terminated unexpectedly: Out of memory.
2024-10-10 15:09:39 [FATAL] Critical error: Kernel panic occurred. System halted.
2024-10-10 15:09:42 [FATAL] Disk failure detected on /dev/sdb. Immediate replacement required.
2024-10-10 15:09:47 [ERROR] Payment gateway timeout for transaction ID 87654.
2024-10-10 15:09:52 [WARNING] Database query took longer than expected (3.4 seconds).
2024-10-10 15:09:57 [FATAL] Application terminated unexpectedly: Out of memory.
2024-10-10 15:09:59 [INFO] Scheduled job 'cleanup_temp_files' executed at 2024-10-10 15:09:59.
2024-10-10 15:10:00 [INFO] User ID 12345 successfully logged in.
2024-10-10 15:10:05 [INFO] System health check passed; all services running.
2024-10-10 15:10:10 [WARNING] Unusually high number of login attempts from IP 192.168.1.101.
2024-10-10 15:10:13 [ERROR] Unable to send email: SMTP server not responding.
2024-10-10 15:10:18 [ERROR] Failed to load configuration file: /etc/app/config.yml.
2024-10-10 15:10:23 [WARNING] Memory usage is high: 78% of available memory used.
2024-10-10 15:10:28 [FATAL] Critical error: Kernel panic occurred. System halted.
2024-10-10 15:10:32 [WARNING] Database query took longer than expected (3.4 seconds).
2024-10-10 15:10:36 [WARNING] Disk space usage at 85% on /dev/sda1.
2024-10-10 15:10:38 [INFO] Scheduled job 'cleanup_temp_files' executed at 2024-10-10 15:10:38.
2024-10-10 15:10:43 [INFO] System health check passed; all services running.
2024-10-10 15:10:47 [WARNING] Database query took longer than expected (3.4 seconds).
2024-10-10 15:10:50 [FATAL] Disk failure detected on /dev/sdb. Immediate replacement required.
2024-10-10 15:10:55 [ERROR] Payment gateway timeout for transaction ID 87654.
2024-10-10 15:10:59 [ERROR] Failed to load configuration file: /etc/app/config.yml.
2024-10-10 15:11:03 [ERROR] Database connection lost while processing transaction ID 98765.
2024-10-10 15:11:04 [ERROR] Payment gateway timeout for transaction ID 87654.
2024-10-10 15:11:09 [WARNING] Unusually high number of login attempts from IP 192.168.1.101.
2024-10-10 15:11:10 [FATAL] Disk failure detected on /dev/sdb. Immediate replacement required.
2024-10-10 15:11:16 [WARNING] Database query took longer than expected (3.4 seconds).
2024-10-10 15:11:17 [ERROR] Payment gateway timeout for transaction ID 87654.
2024-10-10 15:11:21 [INFO] User ID 98765 updated account details.
2024-10-10 15:11:25 [FATAL] Critical error: Kernel panic occurred. System halted.
2024-10-10 15:11:26 [FATAL] Disk failure detected on /dev/sdb. Immediate replacement required.
2024-10-10 15:11:29 [INFO] User ID 98765 updated account details.
2024-10-10 15:11:34 [INFO] Scheduled job 'cleanup_temp_files' executed at 2024-10-10 15:11:34.
2024-10-10 15:11:38 [ERROR] Payment gateway timeout for transaction ID 87654.
2024-10-10 15:11:43 [INFO] User ID 98765 updated account details.
2024-10-10 15:11:45 [FATAL] Critical error: Kernel panic occurred. System halted.
2024-10-10 15:11:46 [INFO] Daily backup completed successfully.
2024-10-10 15:11:48 [ERROR] Unable to send email: SMTP server not responding.
2024-10-10 15:11:53 [ERROR] Unable to send email: SMTP server not responding.
2024-10-10 15:11:55 [FATAL] Disk failure detected on /dev/sdb. Immediate replacement required.
2024-10-10 15:11:59 [ERROR] Unable to send email: SMTP server not responding.
2024-10-10 15:12:00 [ERROR] Database connection lost while processing transaction ID 98765.
2024-10-10 15:12:01 [WARNING] Memory usage is high: 78% of available memory used.
2024-10-10 15:12:04 [INFO] User ID 98765 updated account details.
2024-10-10 15:12:07 [WARNING] Memory usage is high: 78% of available memory used.
2024-10-10 15:12:12 [ERROR] Unable to send email: SMTP server not responding.
2024-10-10 15:12:14 [ERROR] Payment gateway timeout for transaction ID 87654.
2024-10-10 15:12:15 [FATAL] Service 'app-backend' failed to start: Missing dependency.
2024-10-10 15:12:18 [FATAL] Application terminated unexpectedly: Out of memory.
2024-10-10 15:12:21 [ERROR] Unable to send email: SMTP server not responding.
2024-10-10 15:12:25 [FATAL] Server crashed due to memory overflow at address 0x004FA1.
2024-10-10 15:12:27 [FATAL] Service 'app-backend' failed to start: Missing dependency.
2024-10-10 15:12:28 [INFO] System health check passed; all services running.
2024-10-10 15:12:30 [ERROR] Unable to send email: SMTP server not responding.
2024-10-10 15:12:31 [FATAL] Service 'app-backend' failed to start: Missing dependency.
2024-10-10 15:12:36 [INFO] User ID 12345 successfully logged in.
2024-10-10 15:12:38 [ERROR] Database connection lost while processing transaction ID 98765.
2024-10-10 15:12:41 [ERROR] Unable to send email: SMTP server not responding.
2024-10-10 15:12:43 [FATAL] Server crashed due to memory overflow at address 0x004FA1.
2024-10-10 15:12:47 [INFO] Daily backup completed successfully.
2024-10-10 15:12:48 [ERROR] Payment gateway timeout for transaction ID 87654.
2024-10-10 15:12:53 [ERROR] User ID 67890 failed to authenticate. Invalid credentials.
2024-10-10 15:12:55 [ERROR] Database connection lost while processing transaction ID 98765.
2024-10-10 15:13:00 [WARNING] API response time for user ID 54321 exceeded 2 seconds.
2024-10-10 15:13:04 [ERROR] Unable to send email: SMTP server not responding.
2024-10-10 15:13:10 [ERROR] Failed to load configuration file: /etc/app/config.yml.
2024-10-10 15:13:14 [FATAL] Disk failure detected on /dev/sdb. Immediate replacement required.
2024-10-10 15:13:15 [ERROR] Unable to send email: SMTP server not responding.
2024-10-10 15:13:17 [ERROR] Database connection lost while processing transaction ID 98765.
2024-10-10 15:13:18 [INFO] Scheduled job 'cleanup_temp_files' executed at 2024-10-10 15:13:18.
2024-10-10 15:13:23 [INFO] User ID 12345 successfully logged in.
2024-10-10 15:13:24 [ERROR] Failed to load configuration file: /etc/app/config.yml.
2024-10-10 15:13:29 [WARNING] Database query took longer than expected (3.4 seconds).
2024-10-10 15:13:34 [WARNING] Memory usage is high: 78% of available memory used.
2024-10-10 15:13:38 [WARNING] Database query took longer than expected (3.4 seconds).
2024-10-10 15:13:39 [INFO] User ID 98765 updated account details.
2024-10-10 15:13:42 [FATAL] Disk failure detected on /dev/sdb. Immediate replacement required.
2024-10-10 15:13:43 [INFO] Daily backup completed successfully.
2024-10-10 15:13:46 [FATAL] Critical error: Kernel panic occurred. System halted.
2024-10-10 15:13:50 [ERROR] Failed to load configuration file: /etc/app/config.yml.
2024-10-10 15:13:53 [WARNING] API response time for user ID 54321 exceeded 2 seconds.
2024-10-10 15:13:54 [FATAL] Server crashed due to memory overflow at address 0x004FA1.
2024-10-10 15:13:58 [ERROR] Payment gateway timeout for transaction ID 87654.
2024-10-10 15:14:01 [FATAL] Service 'app-backend' failed to start: Missing dependency.
2024-10-10 15:14:03 [FATAL] Server crashed due to memory overflow at address 0x004FA1.
2024-10-10 15:14:04 [WARNING] Memory usage is high: 78% of available memory used.
2024-10-10 15:14:05 [FATAL] Service 'app-backend' failed to start: Missing dependency.
2024-10-10 15:14:10 [ERROR] Database connection lost while processing transaction ID 98765.
2024-10-10 15:14:11 [WARNING] Memory usage is high: 78% of available memory used.
2024-10-10 15:14:13 [FATAL] Critical error: Kernel panic occurred. System halted.
2024-10-10 15:14:17 [ERROR] Unable to send email: SMTP server not responding.
2024-10-10 15:14:21 [FATAL] Server crashed due to memory overflow at address 0x004FA1.
2024-10-10 15:14:24 [FATAL] Server crashed due to memory overflow at address 0x004FA1.
2024-10-10 15:14:25 [ERROR] Unable to send email: SMTP server not responding.
2024-10-10 15:14:27 [WARNING] Memory usage is high: 78% of available memory used.
2024-10-10 15:14:32 [ERROR] User ID 67890 failed to authenticate. Invalid credentials.
2024-10-10 15:14:36 [FATAL] Disk failure detected on /dev/sdb. Immediate replacement required.
2024-10-10 15:14:41 [INFO] Scheduled job 'cleanup_temp_files' executed at 2024-10-10 15:14:41.
2024-10-10 15:14:42 [FATAL] Application terminated unexpectedly: Out of memory.
2024-10-10 15:14:47 [FATAL] Critical error: Kernel panic occurred. System halted.
2024-10-10 15:14:51 [WARNING] Database query took longer than expected (3.4 seconds).
2024-10-10 15:14:55 [ERROR] User ID 67890 failed to authenticate. Invalid credentials.
2024-10-10 15:15:00 [FATAL] Service 'app-backend' failed to start: Missing dependency.
2024-10-10 15:15:02 [INFO] Scheduled job 'cleanup_temp_files' executed at 2024-10-10 15:15:02.
2024-10-10 15:15:08 [INFO] User ID 12345 successfully logged in.
2024-10-10 15:15:10 [WARNING] API response time for user ID 54321 exceeded 2 seconds.
2024-10-10 15:15:12 [INFO] Daily backup completed successfully.
2024-10-10 15:15:17 [FATAL] Application terminated unexpectedly: Out of memory.
2024-10-10 15:15:20 [FATAL] Server crashed due to memory overflow at address 0x004FA1.
2024-10-10 15:15:24 [ERROR] Failed to load configuration file: /etc/app/config.yml.
2024-10-10 15:15:25 [INFO] System health check passed; all services running.
2024-10-10 15:15:30 [INFO] User ID 12345 successfully logged in.
2024-10-10 15:15:32 [WARNING] Database query took longer than expected (3.4 seconds).
2024-10-10 15:15:33 [ERROR] User ID 67890 failed to authenticate. Invalid credentials.
2024-10-10 15:15:38 [ERROR] User ID 67890 failed to authenticate. Invalid credentials.
2024-10-10 15:15:39 [FATAL] Disk failure detected on /dev/sdb. Immediate replacement required.
2024-10-10 15:15:43 [WARNING] Database query took longer than expected (3.4 seconds).
2024-10-10 15:15:44 [INFO] Scheduled job 'cleanup_temp_files' executed at 2024-10-10 15:15:44.
2024-10-10 15:15:49 [INFO] System health check passed; all services running.
2024-10-10 15:15:53 [ERROR] Database connection lost while processing transaction ID 98765.
2024-10-10 15:15:54 [WARNING] Disk space usage at 85% on /dev/sda1.
2024-10-10 15:15:58 [WARNING] Memory usage is high: 78% of available memory used.
2024-10-10 15:16:01 [WARNING] Database query took longer than expected (3.4 seconds).
2024-10-10 15:16:03 [INFO] User ID 98765 updated account details.
2024-10-10 15:16:08 [FATAL] Service 'app-backend' failed to start: Missing dependency.
2024-10-10 15:16:11 [ERROR] Unable to send email: SMTP server not responding.
2024-10-10 15:16:13 [WARNING] Database query took longer than expected (3.4 seconds).
2024-10-10 15:16:14 [WARNING] Memory usage is high: 78% of available memory used.
2024-10-10 15:16:16 [ERROR] Database connection lost while processing transaction ID 98765.
2024-10-10 15:16:19 [ERROR] Failed to load configuration file: /etc/app/config.yml.
2024-10-10 15:16:23 [INFO] Scheduled job 'cleanup_temp_files' executed at 2024-10-10 15:16:23.
2024-10-10 15:16:28 [ERROR] User ID 67890 failed to authenticate. Invalid credentials.
2024-10-10 15:16:32 [INFO] Daily backup completed successfully.
2024-10-10 15:16:37 [WARNING] Database query took longer than expected (3.4 seconds).
2024-10-10 15:16:38 [FATAL] Disk failure detected on /dev/sdb. Immediate replacement required.
2024-10-10 15:16:42 [ERROR] User ID 67890 failed to authenticate. Invalid credentials.
2024-10-10 15:16:43 [WARNING] Memory usage is high: 78% of available memory used.
2024-10-10 15:16:48 [WARNING] Unusually high number of login attempts from IP 192.168.1.101.
2024-10-10 15:16:50 [FATAL] Disk failure detected on /dev/sdb. Immediate replacement required.
2024-10-10 15:16:55 [WARNING] API response time for user ID 54321 exceeded 2 seconds.
2024-10-10 15:16:56 [INFO] System health check passed; all services running.
2024-10-10 15:16:59 [WARNING] Memory usage is high: 78% of available memory used.
2024-10-10 15:17:03 [INFO] System health check passed; all services running.
2024-10-10 15:17:04 [ERROR] Database connection lost while processing transaction ID 98765.
2024-10-10 15:17:08 [FATAL] Disk failure detected on /dev/sdb. Immediate replacement required.
2024-10-15 20:34:37 [WARNING] Unusually high number of login attempts from IP 192.168.1.101.
2024-10-15 20:34:40 [ERROR] Failed to load configuration file: /etc/app/config.yml.
2024-10-15 20:34:45 [WARNING] Memory usage is high: 78% of available memory used.
2024-10-15 20:34:47 [FATAL] Application terminated unexpectedly: Out of memory.
2024-10-15 20:34:50 [FATAL] Server crashed due to memory overflow at address 0x004FA1.
2024-10-15 20:34:54 [WARNING] Memory usage is high: 78% of available memory used.
2024-10-15 20:34:56 [INFO] Daily backup completed successfully.
2024-10-15 20:34:58 [ERROR] Payment gateway timeout for transaction ID 87654.
2024-10-15 20:35:03 [INFO] User ID 12345 successfully logged in.
2024-10-15 20:35:07 [INFO] User ID 12345 successfully logged in.
2024-10-15 20:35:10 [FATAL] Service 'app-backend' failed to start: Missing dependency.
2024-10-15 20:35:15 [ERROR] Unable to send email: SMTP server not responding.
2024-10-15 20:35:21 [FATAL] Disk failure detected on /dev/sdb. Immediate replacement required.
2024-10-15 20:35:26 [INFO] Daily backup completed successfully.
2024-10-15 20:35:29 [ERROR] Database connection lost while processing transaction ID 98765.
2024-10-15 20:35:30 [FATAL] Service 'app-backend' failed to start: Missing dependency.
2024-10-15 20:35:31 [FATAL] Disk failure detected on /dev/sdb. Immediate replacement required.
2024-10-15 20:35:35 [WARNING] Disk space usage at 85% on /dev/sda1.
2024-10-15 20:35:36 [ERROR] Payment gateway timeout for transaction ID 87654.
2024-10-15 20:35:38 [ERROR] Unable to send email: SMTP server not responding.
2024-10-15 20:35:39 [FATAL] Service 'app-backend' failed to start: Missing dependency.
2024-10-15 20:35:43 [FATAL] Disk failure detected on /dev/sdb. Immediate replacement required.
2024-10-15 20:35:44 [ERROR] User ID 67890 failed to authenticate. Invalid credentials.
